
> @scholar-ai/shared@0.1.0 build C:\Users\HP\git\scholar-ai\scholar-ai\packages\shared
> tsup

▲ [WARNING] The condition "types" here will never be used as it comes after both "import" and "require" [package.json]

    package.json:12:6:
      12 │       "types": "./dist/index.d.ts"
         ╵       ~~~~~~~

  The "import" condition comes earlier and will be used for all "import" statements:

    package.json:10:6:
      10 │       "import": "./dist/index.mjs",
         ╵       ~~~~~~~~

  The "require" condition comes earlier and will be used for all "require" calls:

    package.json:11:6:
      11 │       "require": "./dist/index.js",
         ╵       ~~~~~~~~~

[34mCLI[39m Building entry: src/index.ts
[34mCLI[39m Using tsconfig: tsconfig.json
[34mCLI[39m tsup v8.5.0
[34mCLI[39m Using tsup config: C:\Users\HP\git\scholar-ai\scholar-ai\packages\shared\tsup.config.ts
[34mCLI[39m Target: es2020
[34mCLI[39m Cleaning output folder
[34mCJS[39m Build start
[34mESM[39m Build start

[43m[30m WARN [39m[49m [33m▲ [43;33m[[43;30mWARNING[43;33m][0m [1mThe condition "types" here will never be used as it comes after both "import" and "require"[0m [package.json]

    package.json:12:6:
[37m      12 │       [32m"types"[37m: "./dist/index.d.ts"
         ╵       [32m~~~~~~~[0m

  The "import" condition comes earlier and will be used for all "import" statements:

    package.json:10:6:
[37m      10 │       [32m"import"[37m: "./dist/index.mjs",
         ╵       [32m~~~~~~~~[0m

  The "require" condition comes earlier and will be used for all "require" calls:

    package.json:11:6:
[37m      11 │       [32m"require"[37m: "./dist/index.js",
         ╵       [32m~~~~~~~~~[0m




[43m[30m WARN [39m[49m [33m▲ [43;33m[[43;30mWARNING[43;33m][0m [1mThe condition "types" here will never be used as it comes after both "import" and "require"[0m [package.json]

    package.json:12:6:
[37m      12 │       [32m"types"[37m: "./dist/index.d.ts"
         ╵       [32m~~~~~~~[0m

  The "import" condition comes earlier and will be used for all "import" statements:

    package.json:10:6:
[37m      10 │       [32m"import"[37m: "./dist/index.mjs",
         ╵       [32m~~~~~~~~[0m

  The "require" condition comes earlier and will be used for all "require" calls:

    package.json:11:6:
[37m      11 │       [32m"require"[37m: "./dist/index.js",
         ╵       [32m~~~~~~~~~[0m



[32mCJS[39m [1mdist\index.js     [22m[32m3.88 KB[39m
[32mCJS[39m [1mdist\index.js.map [22m[32m5.25 KB[39m
[32mCJS[39m ⚡️ Build success in 171ms
[32mESM[39m [1mdist\index.mjs     [22m[32m2.11 KB[39m
[32mESM[39m [1mdist\index.mjs.map [22m[32m5.01 KB[39m
[32mESM[39m ⚡️ Build success in 171ms
[34mDTS[39m Build start
[32mDTS[39m ⚡️ Build success in 3412ms
[32mDTS[39m [1mdist\index.d.ts  [22m[32m4.71 KB[39m
[32mDTS[39m [1mdist\index.d.mts [22m[32m4.71 KB[39m
