
> @scholar-ai/gcp-clients@0.1.0 build C:\Users\HP\git\scholar-ai\scholar-ai\packages\gcp-clients
> tsup

[34mCLI[39m Building entry: src/index.ts
[34mCLI[39m Using tsconfig: tsconfig.json
[34mCLI[39m tsup v8.5.0
[34mCLI[39m Using tsup config: C:\Users\HP\git\scholar-ai\scholar-ai\packages\gcp-clients\tsup.config.ts
[34mCLI[39m Target: es2020
[34mCLI[39m Cleaning output folder
[34mCJS[39m Build start
[34mESM[39m Build start
[32mESM[39m [1mdist\index.mjs     [22m[32m10.64 KB[39m
[32mESM[39m [1mdist\index.mjs.map [22m[32m19.52 KB[39m
[32mESM[39m ⚡️ Build success in 85ms
[32mCJS[39m [1mdist\index.js     [22m[32m11.71 KB[39m
[32mCJS[39m [1mdist\index.js.map [22m[32m19.67 KB[39m
[32mCJS[39m ⚡️ Build success in 108ms
[34mDTS[39m Build start
[32mDTS[39m ⚡️ Build success in 5539ms
[32mDTS[39m [1mdist\index.d.ts  [22m[32m1.89 KB[39m
[32mDTS[39m [1mdist\index.d.mts [22m[32m1.89 KB[39m
